Analysis & Synthesis report for decoder
Wed Nov 28 23:45:39 2018
Quartus Prime Version 15.1.1 Build 189 12/02/2015 SJ Lite Edition


---------------------
; Table of Contents ;
---------------------
  1. Legal Notice
  2. Analysis & Synthesis Summary
  3. Analysis & Synthesis Settings
  4. Parallel Compilation
  5. Analysis & Synthesis Source Files Read
  6. Analysis & Synthesis Resource Usage Summary
  7. Analysis & Synthesis Resource Utilization by Entity
  8. General Register Statistics
  9. Post-Synthesis Netlist Statistics for Top Partition
 10. Elapsed Time Per Partition
 11. Analysis & Synthesis Messages



----------------
; Legal Notice ;
----------------
Copyright (C) 1991-2015 Altera Corporation. All rights reserved.
Your use of Altera Corporation's design tools, logic functions 
and other software and tools, and its AMPP partner logic 
functions, and any output files from any of the foregoing 
(including device programming or simulation files), and any 
associated documentation or information are expressly subject 
to the terms and conditions of the Altera Program License 
Subscription Agreement, the Altera Quartus Prime License Agreement,
the Altera MegaCore Function License Agreement, or other 
applicable license agreement, including, without limitation, 
that your use is for the sole purpose of programming logic 
devices manufactured by Altera and sold by Altera or its 
authorized distributors.  Please refer to the applicable 
agreement for further details.



+----------------------------------------------------------------------------------+
; Analysis & Synthesis Summary                                                     ;
+------------------------------------+---------------------------------------------+
; Analysis & Synthesis Status        ; Successful - Wed Nov 28 23:45:39 2018       ;
; Quartus Prime Version              ; 15.1.1 Build 189 12/02/2015 SJ Lite Edition ;
; Revision Name                      ; decoder                                     ;
; Top-level Entity Name              ; final                                       ;
; Family                             ; Cyclone IV GX                               ;
; Total logic elements               ; 27                                          ;
;     Total combinational functions  ; 27                                          ;
;     Dedicated logic registers      ; 0                                           ;
; Total registers                    ; 0                                           ;
; Total pins                         ; 26                                          ;
; Total virtual pins                 ; 0                                           ;
; Total memory bits                  ; 0                                           ;
; Embedded Multiplier 9-bit elements ; 0                                           ;
; Total GXB Receiver Channel PCS     ; 0                                           ;
; Total GXB Receiver Channel PMA     ; 0                                           ;
; Total GXB Transmitter Channel PCS  ; 0                                           ;
; Total GXB Transmitter Channel PMA  ; 0                                           ;
; Total PLLs                         ; 0                                           ;
+------------------------------------+---------------------------------------------+


+----------------------------------------------------------------------------------------------------------------------+
; Analysis & Synthesis Settings                                                                                        ;
+----------------------------------------------------------------------------+--------------------+--------------------+
; Option                                                                     ; Setting            ; Default Value      ;
+----------------------------------------------------------------------------+--------------------+--------------------+
; Top-level entity name                                                      ; final              ; decoder            ;
; Family name                                                                ; Cyclone IV GX      ; Cyclone V          ;
; Use smart compilation                                                      ; Off                ; Off                ;
; Enable parallel Assembler and TimeQuest Timing Analyzer during compilation ; On                 ; On                 ;
; Enable compact report table                                                ; Off                ; Off                ;
; Restructure Multiplexers                                                   ; Auto               ; Auto               ;
; Create Debugging Nodes for IP Cores                                        ; Off                ; Off                ;
; Preserve fewer node names                                                  ; On                 ; On                 ;
; Disable OpenCore Plus hardware evaluation                                  ; Off                ; Off                ;
; Verilog Version                                                            ; Verilog_2001       ; Verilog_2001       ;
; VHDL Version                                                               ; VHDL_1993          ; VHDL_1993          ;
; State Machine Processing                                                   ; Auto               ; Auto               ;
; Safe State Machine                                                         ; Off                ; Off                ;
; Extract Verilog State Machines                                             ; On                 ; On                 ;
; Extract VHDL State Machines                                                ; On                 ; On                 ;
; Ignore Verilog initial constructs                                          ; Off                ; Off                ;
; Iteration limit for constant Verilog loops                                 ; 5000               ; 5000               ;
; Iteration limit for non-constant Verilog loops                             ; 250                ; 250                ;
; Add Pass-Through Logic to Inferred RAMs                                    ; On                 ; On                 ;
; Infer RAMs from Raw Logic                                                  ; On                 ; On                 ;
; Parallel Synthesis                                                         ; On                 ; On                 ;
; DSP Block Balancing                                                        ; Auto               ; Auto               ;
; NOT Gate Push-Back                                                         ; On                 ; On                 ;
; Power-Up Don't Care                                                        ; On                 ; On                 ;
; Remove Redundant Logic Cells                                               ; Off                ; Off                ;
; Remove Duplicate Registers                                                 ; On                 ; On                 ;
; Ignore CARRY Buffers                                                       ; Off                ; Off                ;
; Ignore CASCADE Buffers                                                     ; Off                ; Off                ;
; Ignore GLOBAL Buffers                                                      ; Off                ; Off                ;
; Ignore ROW GLOBAL Buffers                                                  ; Off                ; Off                ;
; Ignore LCELL Buffers                                                       ; Off                ; Off                ;
; Ignore SOFT Buffers                                                        ; On                 ; On                 ;
; Limit AHDL Integers to 32 Bits                                             ; Off                ; Off                ;
; Optimization Technique                                                     ; Balanced           ; Balanced           ;
; Carry Chain Length                                                         ; 70                 ; 70                 ;
; Auto Carry Chains                                                          ; On                 ; On                 ;
; Auto Open-Drain Pins                                                       ; On                 ; On                 ;
; Perform WYSIWYG Primitive Resynthesis                                      ; Off                ; Off                ;
; Auto ROM Replacement                                                       ; On                 ; On                 ;
; Auto RAM Replacement                                                       ; On                 ; On                 ;
; Auto DSP Block Replacement                                                 ; On                 ; On                 ;
; Auto Shift Register Replacement                                            ; Auto               ; Auto               ;
; Allow Shift Register Merging across Hierarchies                            ; Auto               ; Auto               ;
; Auto Clock Enable Replacement                                              ; On                 ; On                 ;
; Strict RAM Replacement                                                     ; Off                ; Off                ;
; Allow Synchronous Control Signals                                          ; On                 ; On                 ;
; Force Use of Synchronous Clear Signals                                     ; Off                ; Off                ;
; Auto RAM Block Balancing                                                   ; On                 ; On                 ;
; Auto RAM to Logic Cell Conversion                                          ; Off                ; Off                ;
; Auto Resource Sharing                                                      ; Off                ; Off                ;
; Allow Any RAM Size For Recognition                                         ; Off                ; Off                ;
; Allow Any ROM Size For Recognition                                         ; Off                ; Off                ;
; Allow Any Shift Register Size For Recognition                              ; Off                ; Off                ;
; Use LogicLock Constraints during Resource Balancing                        ; On                 ; On                 ;
; Ignore translate_off and synthesis_off directives                          ; Off                ; Off                ;
; Timing-Driven Synthesis                                                    ; On                 ; On                 ;
; Report Parameter Settings                                                  ; On                 ; On                 ;
; Report Source Assignments                                                  ; On                 ; On                 ;
; Report Connectivity Checks                                                 ; On                 ; On                 ;
; Ignore Maximum Fan-Out Assignments                                         ; Off                ; Off                ;
; Synchronization Register Chain Length                                      ; 2                  ; 2                  ;
; PowerPlay Power Optimization During Synthesis                              ; Normal compilation ; Normal compilation ;
; HDL message level                                                          ; Level2             ; Level2             ;
; Suppress Register Optimization Related Messages                            ; Off                ; Off                ;
; Number of Removed Registers Reported in Synthesis Report                   ; 5000               ; 5000               ;
; Number of Swept Nodes Reported in Synthesis Report                         ; 5000               ; 5000               ;
; Number of Inverted Registers Reported in Synthesis Report                  ; 100                ; 100                ;
; Clock MUX Protection                                                       ; On                 ; On                 ;
; Auto Gated Clock Conversion                                                ; Off                ; Off                ;
; Block Design Naming                                                        ; Auto               ; Auto               ;
; SDC constraint protection                                                  ; Off                ; Off                ;
; Synthesis Effort                                                           ; Auto               ; Auto               ;
; Shift Register Replacement - Allow Asynchronous Clear Signal               ; On                 ; On                 ;
; Pre-Mapping Resynthesis Optimization                                       ; Off                ; Off                ;
; Analysis & Synthesis Message Level                                         ; Medium             ; Medium             ;
; Disable Register Merging Across Hierarchies                                ; Auto               ; Auto               ;
; Resource Aware Inference For Block RAM                                     ; On                 ; On                 ;
; Synthesis Seed                                                             ; 1                  ; 1                  ;
+----------------------------------------------------------------------------+--------------------+--------------------+


+------------------------------------------+
; Parallel Compilation                     ;
+----------------------------+-------------+
; Processors                 ; Number      ;
+----------------------------+-------------+
; Number detected on machine ; 4           ;
; Maximum allowed            ; 2           ;
;                            ;             ;
; Average used               ; 1.00        ;
; Maximum used               ; 1           ;
;                            ;             ;
; Usage by Processor         ; % Time Used ;
;     Processor 1            ; 100.0%      ;
+----------------------------+-------------+


+----------------------------------------------------------------------------------------------------------------------------------------------+
; Analysis & Synthesis Source Files Read                                                                                                       ;
+----------------------------------+-----------------+-----------------+-------------------------------------------------------------+---------+
; File Name with User-Entered Path ; Used in Netlist ; File Type       ; File Name with Absolute Path                                ; Library ;
+----------------------------------+-----------------+-----------------+-------------------------------------------------------------+---------+
; XOR2_1.vhd                       ; yes             ; User VHDL File  ; C:/Users/lenin/Desktop/assignment1/Decoder/XOR2_1.vhd       ;         ;
; decoder.vhd                      ; yes             ; User VHDL File  ; C:/Users/lenin/Desktop/assignment1/Decoder/decoder.vhd      ;         ;
; And2_1.vhd                       ; yes             ; User VHDL File  ; C:/Users/lenin/Desktop/assignment1/Decoder/And2_1.vhd       ;         ;
; verification.vhd                 ; yes             ; User VHDL File  ; C:/Users/lenin/Desktop/assignment1/Decoder/verification.vhd ;         ;
; correction.vhd                   ; yes             ; User VHDL File  ; C:/Users/lenin/Desktop/assignment1/Decoder/correction.vhd   ;         ;
; final.vhd                        ; yes             ; User VHDL File  ; C:/Users/lenin/Desktop/assignment1/Decoder/final.vhd        ;         ;
+----------------------------------+-----------------+-----------------+-------------------------------------------------------------+---------+


+--------------------------------------------------------------------+
; Analysis & Synthesis Resource Usage Summary                        ;
+--------------------------+-----------------------------------------+
; Resource                 ; Usage                                   ;
+--------------------------+-----------------------------------------+
; I/O pins                 ; 26                                      ;
;                          ;                                         ;
; DSP block 9-bit elements ; 0                                       ;
;                          ;                                         ;
; Maximum fan-out node     ; decoder:decoder|XOR2_1:xor1x2|dataOut~0 ;
; Maximum fan-out          ; 5                                       ;
; Total fan-out            ; 124                                     ;
; Average fan-out          ; 1.57                                    ;
+--------------------------+-----------------------------------------+


+--------------------------------------------------------------------------------------------------------------------------------------------------------------------------------------------------------------+
; Analysis & Synthesis Resource Utilization by Entity                                                                                                                                                          ;
+----------------------------+-------------------+--------------+-------------+--------------+---------+-----------+-----------+------+--------------+------------------------------------------+--------------+
; Compilation Hierarchy Node ; LC Combinationals ; LC Registers ; Memory Bits ; DSP Elements ; DSP 9x9 ; DSP 18x18 ; DSP 36x36 ; Pins ; Virtual Pins ; Full Hierarchy Name                      ; Library Name ;
+----------------------------+-------------------+--------------+-------------+--------------+---------+-----------+-----------+------+--------------+------------------------------------------+--------------+
; |final                     ; 27 (0)            ; 0 (0)        ; 0           ; 0            ; 0       ; 0         ; 0         ; 26   ; 0            ; |final                                   ;              ;
;    |correction:mens|       ; 11 (0)            ; 0 (0)        ; 0           ; 0            ; 0       ; 0         ; 0         ; 0    ; 0            ; |final|correction:mens                   ; work         ;
;       |XOR2_1:xor0|        ; 1 (1)             ; 0 (0)        ; 0           ; 0            ; 0       ; 0         ; 0         ; 0    ; 0            ; |final|correction:mens|XOR2_1:xor0       ; work         ;
;       |XOR2_1:xor10|       ; 1 (1)             ; 0 (0)        ; 0           ; 0            ; 0       ; 0         ; 0         ; 0    ; 0            ; |final|correction:mens|XOR2_1:xor10      ; work         ;
;       |XOR2_1:xor1|        ; 1 (1)             ; 0 (0)        ; 0           ; 0            ; 0       ; 0         ; 0         ; 0    ; 0            ; |final|correction:mens|XOR2_1:xor1       ; work         ;
;       |XOR2_1:xor2|        ; 1 (1)             ; 0 (0)        ; 0           ; 0            ; 0       ; 0         ; 0         ; 0    ; 0            ; |final|correction:mens|XOR2_1:xor2       ; work         ;
;       |XOR2_1:xor3|        ; 1 (1)             ; 0 (0)        ; 0           ; 0            ; 0       ; 0         ; 0         ; 0    ; 0            ; |final|correction:mens|XOR2_1:xor3       ; work         ;
;       |XOR2_1:xor4|        ; 1 (1)             ; 0 (0)        ; 0           ; 0            ; 0       ; 0         ; 0         ; 0    ; 0            ; |final|correction:mens|XOR2_1:xor4       ; work         ;
;       |XOR2_1:xor5|        ; 1 (1)             ; 0 (0)        ; 0           ; 0            ; 0       ; 0         ; 0         ; 0    ; 0            ; |final|correction:mens|XOR2_1:xor5       ; work         ;
;       |XOR2_1:xor6|        ; 1 (1)             ; 0 (0)        ; 0           ; 0            ; 0       ; 0         ; 0         ; 0    ; 0            ; |final|correction:mens|XOR2_1:xor6       ; work         ;
;       |XOR2_1:xor7|        ; 1 (1)             ; 0 (0)        ; 0           ; 0            ; 0       ; 0         ; 0         ; 0    ; 0            ; |final|correction:mens|XOR2_1:xor7       ; work         ;
;       |XOR2_1:xor8|        ; 1 (1)             ; 0 (0)        ; 0           ; 0            ; 0       ; 0         ; 0         ; 0    ; 0            ; |final|correction:mens|XOR2_1:xor8       ; work         ;
;       |XOR2_1:xor9|        ; 1 (1)             ; 0 (0)        ; 0           ; 0            ; 0       ; 0         ; 0         ; 0    ; 0            ; |final|correction:mens|XOR2_1:xor9       ; work         ;
;    |decoder:decoder|       ; 10 (0)            ; 0 (0)        ; 0           ; 0            ; 0       ; 0         ; 0         ; 0    ; 0            ; |final|decoder:decoder                   ; work         ;
;       |XOR2_1:xor12x34|    ; 2 (2)             ; 0 (0)        ; 0           ; 0            ; 0       ; 0         ; 0         ; 0    ; 0            ; |final|decoder:decoder|XOR2_1:xor12x34   ; work         ;
;       |XOR2_1:xor12x56|    ; 1 (1)             ; 0 (0)        ; 0           ; 0            ; 0       ; 0         ; 0         ; 0    ; 0            ; |final|decoder:decoder|XOR2_1:xor12x56   ; work         ;
;       |XOR2_1:xor13x57|    ; 2 (2)             ; 0 (0)        ; 0           ; 0            ; 0       ; 0         ; 0         ; 0    ; 0            ; |final|decoder:decoder|XOR2_1:xor13x57   ; work         ;
;       |XOR2_1:xor1x2|      ; 1 (1)             ; 0 (0)        ; 0           ; 0            ; 0       ; 0         ; 0         ; 0    ; 0            ; |final|decoder:decoder|XOR2_1:xor1x2     ; work         ;
;       |XOR2_1:xor5|        ; 1 (1)             ; 0 (0)        ; 0           ; 0            ; 0       ; 0         ; 0         ; 0    ; 0            ; |final|decoder:decoder|XOR2_1:xor5       ; work         ;
;       |XOR2_1:xor89x1011|  ; 3 (3)             ; 0 (0)        ; 0           ; 0            ; 0       ; 0         ; 0         ; 0    ; 0            ; |final|decoder:decoder|XOR2_1:xor89x1011 ; work         ;
;    |verification:verif|    ; 6 (0)             ; 0 (0)        ; 0           ; 0            ; 0       ; 0         ; 0         ; 0    ; 0            ; |final|verification:verif                ; work         ;
;       |And2_1:and0x5|      ; 1 (1)             ; 0 (0)        ; 0           ; 0            ; 0       ; 0         ; 0         ; 0    ; 0            ; |final|verification:verif|And2_1:and0x5  ; work         ;
;       |And2_1:and0x6|      ; 1 (1)             ; 0 (0)        ; 0           ; 0            ; 0       ; 0         ; 0         ; 0    ; 0            ; |final|verification:verif|And2_1:and0x6  ; work         ;
;       |And2_1:and0x7|      ; 1 (1)             ; 0 (0)        ; 0           ; 0            ; 0       ; 0         ; 0         ; 0    ; 0            ; |final|verification:verif|And2_1:and0x7  ; work         ;
;       |And2_1:and1x4|      ; 1 (1)             ; 0 (0)        ; 0           ; 0            ; 0       ; 0         ; 0         ; 0    ; 0            ; |final|verification:verif|And2_1:and1x4  ; work         ;
;       |And2_1:and2x4|      ; 1 (1)             ; 0 (0)        ; 0           ; 0            ; 0       ; 0         ; 0         ; 0    ; 0            ; |final|verification:verif|And2_1:and2x4  ; work         ;
;       |And2_1:and3x4|      ; 1 (1)             ; 0 (0)        ; 0           ; 0            ; 0       ; 0         ; 0         ; 0    ; 0            ; |final|verification:verif|And2_1:and3x4  ; work         ;
+----------------------------+-------------------+--------------+-------------+--------------+---------+-----------+-----------+------+--------------+------------------------------------------+--------------+
Note: For table entries with two numbers listed, the numbers in parentheses indicate the number of resources of the given type used by the specific entity alone. The numbers listed outside of parentheses indicate the total resources of the given type used by the specific entity and all of its sub-entities in the hierarchy.


+------------------------------------------------------+
; General Register Statistics                          ;
+----------------------------------------------+-------+
; Statistic                                    ; Value ;
+----------------------------------------------+-------+
; Total registers                              ; 0     ;
; Number of registers using Synchronous Clear  ; 0     ;
; Number of registers using Synchronous Load   ; 0     ;
; Number of registers using Asynchronous Clear ; 0     ;
; Number of registers using Asynchronous Load  ; 0     ;
; Number of registers using Clock Enable       ; 0     ;
; Number of registers using Preset             ; 0     ;
+----------------------------------------------+-------+


+-----------------------------------------------------+
; Post-Synthesis Netlist Statistics for Top Partition ;
+-----------------------+-----------------------------+
; Type                  ; Count                       ;
+-----------------------+-----------------------------+
; boundary_port         ; 26                          ;
; cycloneiii_lcell_comb ; 27                          ;
;     normal            ; 27                          ;
;         2 data inputs ; 3                           ;
;         3 data inputs ; 15                          ;
;         4 data inputs ; 9                           ;
;                       ;                             ;
; Max LUT depth         ; 4.00                        ;
; Average LUT depth     ; 3.71                        ;
+-----------------------+-----------------------------+


+-------------------------------+
; Elapsed Time Per Partition    ;
+----------------+--------------+
; Partition Name ; Elapsed Time ;
+----------------+--------------+
; Top            ; 00:00:01     ;
+----------------+--------------+


+-------------------------------+
; Analysis & Synthesis Messages ;
+-------------------------------+
Info: *******************************************************************
Info: Running Quartus Prime Analysis & Synthesis
    Info: Version 15.1.1 Build 189 12/02/2015 SJ Lite Edition
    Info: Processing started: Wed Nov 28 23:45:14 2018
Info: Command: quartus_map --read_settings_files=on --write_settings_files=off decoder -c decoder
Info (20030): Parallel compilation is enabled and will use 2 of the 2 processors detected
Info (12021): Found 2 design units, including 1 entities, in source file xor2_1.vhd
    Info (12022): Found design unit 1: XOR2_1-Behav File: C:/Users/lenin/Desktop/assignment1/Decoder/XOR2_1.vhd Line: 9
    Info (12023): Found entity 1: XOR2_1 File: C:/Users/lenin/Desktop/assignment1/Decoder/XOR2_1.vhd Line: 4
Info (12021): Found 2 design units, including 1 entities, in source file decoder.vhd
    Info (12022): Found design unit 1: Decoder-Structural File: C:/Users/lenin/Desktop/assignment1/Decoder/decoder.vhd Line: 9
    Info (12023): Found entity 1: decoder File: C:/Users/lenin/Desktop/assignment1/Decoder/decoder.vhd Line: 4
Info (12021): Found 2 design units, including 1 entities, in source file and2_1.vhd
    Info (12022): Found design unit 1: And2_1-Behav File: C:/Users/lenin/Desktop/assignment1/Decoder/And2_1.vhd Line: 9
    Info (12023): Found entity 1: And2_1 File: C:/Users/lenin/Desktop/assignment1/Decoder/And2_1.vhd Line: 4
Info (12021): Found 2 design units, including 1 entities, in source file verification.vhd
    Info (12022): Found design unit 1: verification-Structural File: C:/Users/lenin/Desktop/assignment1/Decoder/verification.vhd Line: 9
    Info (12023): Found entity 1: verification File: C:/Users/lenin/Desktop/assignment1/Decoder/verification.vhd Line: 4
Info (12021): Found 2 design units, including 1 entities, in source file correction.vhd
    Info (12022): Found design unit 1: correction-Structural File: C:/Users/lenin/Desktop/assignment1/Decoder/correction.vhd Line: 9
    Info (12023): Found entity 1: correction File: C:/Users/lenin/Desktop/assignment1/Decoder/correction.vhd Line: 4
Info (12021): Found 2 design units, including 1 entities, in source file final.vhd
    Info (12022): Found design unit 1: final-Shell File: C:/Users/lenin/Desktop/assignment1/Decoder/final.vhd Line: 9
    Info (12023): Found entity 1: final File: C:/Users/lenin/Desktop/assignment1/Decoder/final.vhd Line: 4
Info (12127): Elaborating entity "final" for the top level hierarchy
Info (12129): Elaborating entity "decoder" using architecture "A:structural" for hierarchy "decoder:decoder" File: C:/Users/lenin/Desktop/assignment1/Decoder/final.vhd Line: 14
Info (12129): Elaborating entity "XOR2_1" using architecture "A:behav" for hierarchy "decoder:decoder|XOR2_1:xor1" File: C:/Users/lenin/Desktop/assignment1/Decoder/decoder.vhd Line: 12
Info (12129): Elaborating entity "verification" using architecture "A:structural" for hierarchy "verification:verif" File: C:/Users/lenin/Desktop/assignment1/Decoder/final.vhd Line: 19
Info (12129): Elaborating entity "And2_1" using architecture "A:behav" for hierarchy "verification:verif|And2_1:and0" File: C:/Users/lenin/Desktop/assignment1/Decoder/verification.vhd Line: 12
Info (12129): Elaborating entity "correction" using architecture "A:structural" for hierarchy "correction:mens" File: C:/Users/lenin/Desktop/assignment1/Decoder/final.vhd Line: 23
Info (286030): Timing-Driven Synthesis is running
Info (16010): Generating hard_block partition "hard_block:auto_generated_inst"
    Info (16011): Adding 0 node(s), including 0 DDIO, 0 PLL, 0 transceiver and 0 LCELL
Info (21057): Implemented 53 device resources after synthesis - the final resource count might be different
    Info (21058): Implemented 15 input pins
    Info (21059): Implemented 11 output pins
    Info (21061): Implemented 27 logic cells
Info: Quartus Prime Analysis & Synthesis was successful. 0 errors, 0 warnings
    Info: Peak virtual memory: 5049 megabytes
    Info: Processing ended: Wed Nov 28 23:45:39 2018
    Info: Elapsed time: 00:00:25
    Info: Total CPU time (on all processors): 00:00:47


